TN:
SF:src\app\app.component.ts
FNF:0
FNH:0
DA:8,1
DA:9,3
LF:2
LH:2
BRF:0
BRH:0
end_of_record
TN:
SF:src\app\user-data.service.ts
FN:21,(anonymous_0)
FN:25,(anonymous_1)
FN:58,(anonymous_2)
FN:62,(anonymous_3)
FN:63,(anonymous_4)
FN:77,(anonymous_5)
FNF:6
FNH:6
FNDA:13,(anonymous_0)
FNDA:13,(anonymous_1)
FNDA:10,(anonymous_2)
FNDA:3,(anonymous_3)
FNDA:9,(anonymous_4)
FNDA:3,(anonymous_5)
DA:17,1
DA:18,13
DA:22,13
DA:26,13
DA:27,13
DA:28,13
DA:55,0
DA:59,10
DA:63,9
DA:64,3
DA:65,2
DA:67,1
DA:72,1
DA:74,3
DA:78,3
DA:79,3
LF:16
LH:15
BRDA:26,0,0,13
BRDA:28,1,0,13
BRDA:28,1,1,0
BRDA:64,2,0,2
BRDA:64,2,1,1
BRDA:78,3,0,3
BRF:6
BRH:5
end_of_record
TN:
SF:src\app\workout-form\workout-form.component.ts
FN:35,(anonymous_0)
FN:37,(anonymous_1)
FN:41,(anonymous_2)
FN:51,(anonymous_3)
FN:56,(anonymous_4)
FN:57,(anonymous_5)
FN:59,(anonymous_6)
FN:63,(anonymous_7)
FN:68,(anonymous_8)
FN:69,(anonymous_9)
FN:71,(anonymous_10)
FN:72,(anonymous_11)
FN:77,(anonymous_12)
FNF:13
FNH:5
FNDA:6,(anonymous_0)
FNDA:6,(anonymous_1)
FNDA:0,(anonymous_2)
FNDA:6,(anonymous_3)
FNDA:6,(anonymous_4)
FNDA:24,(anonymous_5)
FNDA:0,(anonymous_6)
FNDA:0,(anonymous_7)
FNDA:0,(anonymous_8)
FNDA:0,(anonymous_9)
FNDA:0,(anonymous_10)
FNDA:0,(anonymous_11)
FNDA:0,(anonymous_12)
DA:10,1
DA:11,6
DA:12,6
DA:13,6
DA:14,6
DA:15,6
DA:16,6
DA:17,6
DA:18,6
DA:19,6
DA:20,6
DA:21,6
DA:22,6
DA:28,6
DA:35,6
DA:38,6
DA:42,0
DA:47,0
DA:48,0
DA:52,6
DA:53,6
DA:57,6
DA:58,24
DA:59,0
DA:64,0
DA:65,0
DA:69,0
DA:70,0
DA:71,0
DA:72,0
DA:73,0
DA:77,0
LF:32
LH:20
BRDA:58,0,0,24
BRDA:58,0,1,24
BRDA:59,1,0,0
BRDA:59,1,1,24
BRF:4
BRH:3
end_of_record
